<?xml version="1.0" encoding="utf-8"?>
<django-objects version="1.0">
  <object pk="2" model="cms.section">
    <field type="CharField" name="name">test insecure</field>
    <field type="BooleanField" name="live">True</field>
    <field type="SlugField" name="slug">section-insecure</field>
    <field type="SmallIntegerField" name="sort">10</field>
    <field to="cms.section" name="parent" rel="ManyToOneRel">
      <None/>
    </field>
    <field to="auth.group" name="allowed_groups" rel="ManyToManyRel"/>
  </object>
  <object pk="1" model="cms.section">
    <field type="CharField" name="name">test secure</field>
    <field type="BooleanField" name="live">True</field>
    <field type="SlugField" name="slug">section-secure</field>
    <field type="SmallIntegerField" name="sort">20</field>
    <field to="cms.section" name="parent" rel="ManyToOneRel">
      <None/>
    </field>
    <field to="auth.group" name="allowed_groups" rel="ManyToManyRel">
      <object pk="1"/>
    </field>
  </object>
  <object pk="1" model="cms.article">
    <field type="CharField" name="title">sec_art</field>
    <field type="DateTimeField" name="live_from">
      <None/>
    </field>
    <field type="DateTimeField" name="live_to">
      <None/>
    </field>
    <field type="SlugField" name="slug">sec_art</field>
    <field to="cms.section" name="section" rel="ManyToOneRel">1</field>
    <field type="SmallIntegerField" name="sort">1000</field>
    <field to="cms.article" name="related" rel="ManyToManyRel"/>
  </object>
  <object pk="2" model="cms.article">
    <field type="CharField" name="title">insec_art</field>
    <field type="DateTimeField" name="live_from">
      <None/>
    </field>
    <field type="DateTimeField" name="live_to">
      <None/>
    </field>
    <field type="SlugField" name="slug">insec_art</field>
    <field to="cms.section" name="section" rel="ManyToOneRel">2</field>
    <field type="SmallIntegerField" name="sort">1000</field>
    <field to="cms.article" name="related" rel="ManyToManyRel"/>
  </object>
  <object pk="22" model="auth.permission">
    <field type="CharField" name="name">Can add log entry</field>
    <field to="contenttypes.contenttype" name="content_type" rel="ManyToOneRel">8</field>
    <field type="CharField" name="codename">add_logentry</field>
  </object>
  <object pk="23" model="auth.permission">
    <field type="CharField" name="name">Can change log entry</field>
    <field to="contenttypes.contenttype" name="content_type" rel="ManyToOneRel">8</field>
    <field type="CharField" name="codename">change_logentry</field>
  </object>
  <object pk="24" model="auth.permission">
    <field type="CharField" name="name">Can delete log entry</field>
    <field to="contenttypes.contenttype" name="content_type" rel="ManyToOneRel">8</field>
    <field type="CharField" name="codename">delete_logentry</field>
  </object>
  <object pk="4" model="auth.permission">
    <field type="CharField" name="name">Can add group</field>
    <field to="contenttypes.contenttype" name="content_type" rel="ManyToOneRel">2</field>
    <field type="CharField" name="codename">add_group</field>
  </object>
  <object pk="5" model="auth.permission">
    <field type="CharField" name="name">Can change group</field>
    <field to="contenttypes.contenttype" name="content_type" rel="ManyToOneRel">2</field>
    <field type="CharField" name="codename">change_group</field>
  </object>
  <object pk="6" model="auth.permission">
    <field type="CharField" name="name">Can delete group</field>
    <field to="contenttypes.contenttype" name="content_type" rel="ManyToOneRel">2</field>
    <field type="CharField" name="codename">delete_group</field>
  </object>
  <object pk="10" model="auth.permission">
    <field type="CharField" name="name">Can add message</field>
    <field to="contenttypes.contenttype" name="content_type" rel="ManyToOneRel">4</field>
    <field type="CharField" name="codename">add_message</field>
  </object>
  <object pk="11" model="auth.permission">
    <field type="CharField" name="name">Can change message</field>
    <field to="contenttypes.contenttype" name="content_type" rel="ManyToOneRel">4</field>
    <field type="CharField" name="codename">change_message</field>
  </object>
  <object pk="12" model="auth.permission">
    <field type="CharField" name="name">Can delete message</field>
    <field to="contenttypes.contenttype" name="content_type" rel="ManyToOneRel">4</field>
    <field type="CharField" name="codename">delete_message</field>
  </object>
  <object pk="1" model="auth.permission">
    <field type="CharField" name="name">Can add permission</field>
    <field to="contenttypes.contenttype" name="content_type" rel="ManyToOneRel">1</field>
    <field type="CharField" name="codename">add_permission</field>
  </object>
  <object pk="2" model="auth.permission">
    <field type="CharField" name="name">Can change permission</field>
    <field to="contenttypes.contenttype" name="content_type" rel="ManyToOneRel">1</field>
    <field type="CharField" name="codename">change_permission</field>
  </object>
  <object pk="3" model="auth.permission">
    <field type="CharField" name="name">Can delete permission</field>
    <field to="contenttypes.contenttype" name="content_type" rel="ManyToOneRel">1</field>
    <field type="CharField" name="codename">delete_permission</field>
  </object>
  <object pk="7" model="auth.permission">
    <field type="CharField" name="name">Can add user</field>
    <field to="contenttypes.contenttype" name="content_type" rel="ManyToOneRel">3</field>
    <field type="CharField" name="codename">add_user</field>
  </object>
  <object pk="8" model="auth.permission">
    <field type="CharField" name="name">Can change user</field>
    <field to="contenttypes.contenttype" name="content_type" rel="ManyToOneRel">3</field>
    <field type="CharField" name="codename">change_user</field>
  </object>
  <object pk="9" model="auth.permission">
    <field type="CharField" name="name">Can delete user</field>
    <field to="contenttypes.contenttype" name="content_type" rel="ManyToOneRel">3</field>
    <field type="CharField" name="codename">delete_user</field>
  </object>
  <object pk="13" model="auth.permission">
    <field type="CharField" name="name">Can add content type</field>
    <field to="contenttypes.contenttype" name="content_type" rel="ManyToOneRel">5</field>
    <field type="CharField" name="codename">add_contenttype</field>
  </object>
  <object pk="14" model="auth.permission">
    <field type="CharField" name="name">Can change content type</field>
    <field to="contenttypes.contenttype" name="content_type" rel="ManyToOneRel">5</field>
    <field type="CharField" name="codename">change_contenttype</field>
  </object>
  <object pk="15" model="auth.permission">
    <field type="CharField" name="name">Can delete content type</field>
    <field to="contenttypes.contenttype" name="content_type" rel="ManyToOneRel">5</field>
    <field type="CharField" name="codename">delete_contenttype</field>
  </object>
  <object pk="37" model="auth.permission">
    <field type="CharField" name="name">Can add article</field>
    <field to="contenttypes.contenttype" name="content_type" rel="ManyToOneRel">13</field>
    <field type="CharField" name="codename">add_article</field>
  </object>
  <object pk="38" model="auth.permission">
    <field type="CharField" name="name">Can change article</field>
    <field to="contenttypes.contenttype" name="content_type" rel="ManyToOneRel">13</field>
    <field type="CharField" name="codename">change_article</field>
  </object>
  <object pk="39" model="auth.permission">
    <field type="CharField" name="name">Can delete article</field>
    <field to="contenttypes.contenttype" name="content_type" rel="ManyToOneRel">13</field>
    <field type="CharField" name="codename">delete_article</field>
  </object>
  <object pk="43" model="auth.permission">
    <field type="CharField" name="name">Can add article image</field>
    <field to="contenttypes.contenttype" name="content_type" rel="ManyToOneRel">15</field>
    <field type="CharField" name="codename">add_articleimage</field>
  </object>
  <object pk="44" model="auth.permission">
    <field type="CharField" name="name">Can change article image</field>
    <field to="contenttypes.contenttype" name="content_type" rel="ManyToOneRel">15</field>
    <field type="CharField" name="codename">change_articleimage</field>
  </object>
  <object pk="45" model="auth.permission">
    <field type="CharField" name="name">Can delete article image</field>
    <field to="contenttypes.contenttype" name="content_type" rel="ManyToOneRel">15</field>
    <field type="CharField" name="codename">delete_articleimage</field>
  </object>
  <object pk="28" model="auth.permission">
    <field type="CharField" name="name">Can add language</field>
    <field to="contenttypes.contenttype" name="content_type" rel="ManyToOneRel">10</field>
    <field type="CharField" name="codename">add_language</field>
  </object>
  <object pk="29" model="auth.permission">
    <field type="CharField" name="name">Can change language</field>
    <field to="contenttypes.contenttype" name="content_type" rel="ManyToOneRel">10</field>
    <field type="CharField" name="codename">change_language</field>
  </object>
  <object pk="30" model="auth.permission">
    <field type="CharField" name="name">Can delete language</field>
    <field to="contenttypes.contenttype" name="content_type" rel="ManyToOneRel">10</field>
    <field type="CharField" name="codename">delete_language</field>
  </object>
  <object pk="31" model="auth.permission">
    <field type="CharField" name="name">Can add section</field>
    <field to="contenttypes.contenttype" name="content_type" rel="ManyToOneRel">11</field>
    <field type="CharField" name="codename">add_section</field>
  </object>
  <object pk="32" model="auth.permission">
    <field type="CharField" name="name">Can change section</field>
    <field to="contenttypes.contenttype" name="content_type" rel="ManyToOneRel">11</field>
    <field type="CharField" name="codename">change_section</field>
  </object>
  <object pk="33" model="auth.permission">
    <field type="CharField" name="name">Can delete section</field>
    <field to="contenttypes.contenttype" name="content_type" rel="ManyToOneRel">11</field>
    <field type="CharField" name="codename">delete_section</field>
  </object>
  <object pk="46" model="auth.permission">
    <field type="CharField" name="name">Can add section image</field>
    <field to="contenttypes.contenttype" name="content_type" rel="ManyToOneRel">16</field>
    <field type="CharField" name="codename">add_sectionimage</field>
  </object>
  <object pk="47" model="auth.permission">
    <field type="CharField" name="name">Can change section image</field>
    <field to="contenttypes.contenttype" name="content_type" rel="ManyToOneRel">16</field>
    <field type="CharField" name="codename">change_sectionimage</field>
  </object>
  <object pk="48" model="auth.permission">
    <field type="CharField" name="name">Can delete section image</field>
    <field to="contenttypes.contenttype" name="content_type" rel="ManyToOneRel">16</field>
    <field type="CharField" name="codename">delete_sectionimage</field>
  </object>
  <object pk="40" model="auth.permission">
    <field type="CharField" name="name">Can add trans article</field>
    <field to="contenttypes.contenttype" name="content_type" rel="ManyToOneRel">14</field>
    <field type="CharField" name="codename">add_transarticle</field>
  </object>
  <object pk="41" model="auth.permission">
    <field type="CharField" name="name">Can change trans article</field>
    <field to="contenttypes.contenttype" name="content_type" rel="ManyToOneRel">14</field>
    <field type="CharField" name="codename">change_transarticle</field>
  </object>
  <object pk="42" model="auth.permission">
    <field type="CharField" name="name">Can delete trans article</field>
    <field to="contenttypes.contenttype" name="content_type" rel="ManyToOneRel">14</field>
    <field type="CharField" name="codename">delete_transarticle</field>
  </object>
  <object pk="34" model="auth.permission">
    <field type="CharField" name="name">Can add trans section</field>
    <field to="contenttypes.contenttype" name="content_type" rel="ManyToOneRel">12</field>
    <field type="CharField" name="codename">add_transsection</field>
  </object>
  <object pk="35" model="auth.permission">
    <field type="CharField" name="name">Can change trans section</field>
    <field to="contenttypes.contenttype" name="content_type" rel="ManyToOneRel">12</field>
    <field type="CharField" name="codename">change_transsection</field>
  </object>
  <object pk="36" model="auth.permission">
    <field type="CharField" name="name">Can delete trans section</field>
    <field to="contenttypes.contenttype" name="content_type" rel="ManyToOneRel">12</field>
    <field type="CharField" name="codename">delete_transsection</field>
  </object>
  <object pk="25" model="auth.permission">
    <field type="CharField" name="name">Can add redirect</field>
    <field to="contenttypes.contenttype" name="content_type" rel="ManyToOneRel">9</field>
    <field type="CharField" name="codename">add_redirect</field>
  </object>
  <object pk="26" model="auth.permission">
    <field type="CharField" name="name">Can change redirect</field>
    <field to="contenttypes.contenttype" name="content_type" rel="ManyToOneRel">9</field>
    <field type="CharField" name="codename">change_redirect</field>
  </object>
  <object pk="27" model="auth.permission">
    <field type="CharField" name="name">Can delete redirect</field>
    <field to="contenttypes.contenttype" name="content_type" rel="ManyToOneRel">9</field>
    <field type="CharField" name="codename">delete_redirect</field>
  </object>
  <object pk="16" model="auth.permission">
    <field type="CharField" name="name">Can add session</field>
    <field to="contenttypes.contenttype" name="content_type" rel="ManyToOneRel">6</field>
    <field type="CharField" name="codename">add_session</field>
  </object>
  <object pk="17" model="auth.permission">
    <field type="CharField" name="name">Can change session</field>
    <field to="contenttypes.contenttype" name="content_type" rel="ManyToOneRel">6</field>
    <field type="CharField" name="codename">change_session</field>
  </object>
  <object pk="18" model="auth.permission">
    <field type="CharField" name="name">Can delete session</field>
    <field to="contenttypes.contenttype" name="content_type" rel="ManyToOneRel">6</field>
    <field type="CharField" name="codename">delete_session</field>
  </object>
  <object pk="19" model="auth.permission">
    <field type="CharField" name="name">Can add site</field>
    <field to="contenttypes.contenttype" name="content_type" rel="ManyToOneRel">7</field>
    <field type="CharField" name="codename">add_site</field>
  </object>
  <object pk="20" model="auth.permission">
    <field type="CharField" name="name">Can change site</field>
    <field to="contenttypes.contenttype" name="content_type" rel="ManyToOneRel">7</field>
    <field type="CharField" name="codename">change_site</field>
  </object>
  <object pk="21" model="auth.permission">
    <field type="CharField" name="name">Can delete site</field>
    <field to="contenttypes.contenttype" name="content_type" rel="ManyToOneRel">7</field>
    <field type="CharField" name="codename">delete_site</field>
  </object>
  <object pk="1" model="auth.group">
    <field type="CharField" name="name">group-secure</field>
    <field to="auth.permission" name="permissions" rel="ManyToManyRel"/>
  </object>
  <object pk="1" model="auth.user">
    <field type="CharField" name="username">user-insecure</field>
    <field type="CharField" name="first_name"/>
    <field type="CharField" name="last_name"/>
    <field type="CharField" name="email">insecure@artran.co.uk</field>
    <field type="CharField" name="password">sha1$2df58$6163bf78f7ab36b0a227b9568485fe4af632dc73</field>
    <field type="BooleanField" name="is_staff">False</field>
    <field type="BooleanField" name="is_active">True</field>
    <field type="BooleanField" name="is_superuser">False</field>
    <field type="DateTimeField" name="last_login">2010-04-24 14:08:42</field>
    <field type="DateTimeField" name="date_joined">2010-04-24 14:08:42</field>
    <field to="auth.group" name="groups" rel="ManyToManyRel"/>
    <field to="auth.permission" name="user_permissions" rel="ManyToManyRel"/>
  </object>
  <object pk="2" model="auth.user">
    <field type="CharField" name="username">user-secure</field>
    <field type="CharField" name="first_name"/>
    <field type="CharField" name="last_name"/>
    <field type="CharField" name="email">secure@artran.co.uk</field>
    <field type="CharField" name="password">sha1$e938c$4b62e5fefd57389016bf994127f68159a8ac7005</field>
    <field type="BooleanField" name="is_staff">False</field>
    <field type="BooleanField" name="is_active">True</field>
    <field type="BooleanField" name="is_superuser">False</field>
    <field type="DateTimeField" name="last_login">2010-04-24 14:08:42</field>
    <field type="DateTimeField" name="date_joined">2010-04-24 14:08:42</field>
    <field to="auth.group" name="groups" rel="ManyToManyRel">
      <object pk="1"/>
    </field>
    <field to="auth.permission" name="user_permissions" rel="ManyToManyRel"/>
  </object>
</django-objects>
